c:\users\administrator\source\repos\tensorflowc\tensorflowc\x64\release\vc141.pdb
c:\users\administrator\source\repos\tensorflowc\tensorflowc\x64\release\tf_utils.obj
c:\users\administrator\source\repos\tensorflowc\tensorflowc\x64\release\source.obj
c:\users\administrator\source\repos\tensorflowc\tensorflowc\x64\release\source1.obj
c:\users\administrator\source\repos\tensorflowc\x64\release\tensorflowc.exe
c:\users\administrator\source\repos\tensorflowc\x64\release\tensorflowc.pdb
c:\users\administrator\source\repos\tensorflowc\x64\release\tensorflowc.ipdb
c:\users\administrator\source\repos\tensorflowc\x64\release\tensorflowc.iobj
c:\users\administrator\source\repos\tensorflowc\tensorflowc\x64\release\vcpkg.applocal.log
e:\tomo-code\tensorflowc\tensorflowc\x64\release\source.obj
e:\tomo-code\tensorflowc\tensorflowc\x64\release\source1.obj
e:\tomo-code\tensorflowc\tensorflowc\x64\release\tf_utils.obj
e:\tomo-code\tensorflowc\tensorflowc\x64\release\vc141.pdb
e:\tomo-code\tensorflowc\x64\release\tensorflowc.pdb
e:\tomo-code\tensorflowc\x64\release\tensorflowc.exe
e:\tomo-code\tensorflowc\tensorflowc\x64\release\tensorflowc.tlog\cl.command.1.tlog
e:\tomo-code\tensorflowc\tensorflowc\x64\release\tensorflowc.tlog\cl.read.1.tlog
e:\tomo-code\tensorflowc\tensorflowc\x64\release\tensorflowc.tlog\cl.write.1.tlog
e:\tomo-code\tensorflowc\tensorflowc\x64\release\tensorflowc.tlog\link.command.1.tlog
e:\tomo-code\tensorflowc\tensorflowc\x64\release\tensorflowc.tlog\link.read.1.tlog
e:\tomo-code\tensorflowc\tensorflowc\x64\release\tensorflowc.tlog\link.write.1.tlog
e:\tomo-code\tensorflowc\tensorflowc\x64\release\tensorflowc.tlog\tensorflowc.write.1u.tlog
